<?xml version="1.0" encoding="UTF-8" standalone="no"?>
<testsuite failures="0" name="cucumber.runtime.formatter.JUnitFormatter" skipped="0" tests="1" time="10.561412">
    <testcase classname="Free CRM Application Test" name="Validate CRM Home Page Test" time="10.561412">
        <system-out><![CDATA[Given user opens browser....................................................passed
Then user is on login Page..................................................passed
Then user login to app......................................................passed
Then validate home page title...............................................passed
Then validate logged in username............................................passed
]]></system-out>
    </testcase>
</testsuite>
